# JRE version: OpenJDK Runtime Environment (21.0.5) (build 21.0.5+-12932927-b750.29)
# Java VM: OpenJDK 64-Bit Server VM (21.0.5+-12932927-b750.29, mixed mode, tiered, compressed oops, compressed class ptrs, g1 gc, windows-amd64)
GC Precious Log:
 CardTable entry size: 512
 Card Set container configuration: InlinePtr #cards 5 size 8 Array Of Cards #cards 12 size 40 Howl #buckets 4 coarsen threshold 1843 Howl Bitmap #cards 512 size 80 coarsen threshold 460 Card regions per heap region 1 cards per card region 2048
 CPUs: 4 total, 4 available
 Memory: 8077M
 Large Page Support: Disabled
 NUMA Support: Disabled
 Compressed Oops: Enabled (32-bit)
 Heap Region Size: 1M
 Heap Min Capacity: 8M
 Heap Initial Capacity: 128M
 Heap Max Capacity: 2G
 Pre-touch: Disabled
 Parallel Workers: 4
 Concurrent Workers: 1
 Concurrent Refinement Workers: 4
 Periodic GC: Disabled
Heap:
 garbage-first heap   total 276480K, used 158720K [0x0000000080000000, 0x0000000100000000)
  region size 1024K, 2 young (2048K), 2 survivors (2048K)
 Metaspace       used 118107K, committed 122176K, reserved 1179648K
  class space    used 15548K, committed 17216K, reserved 1048576K
GC Heap History (20 events):
Event: 1389.316 GC heap after
{Heap after GC invocations=67 (full 0):
 garbage-first heap   total 244736K, used 150087K [0x0000000080000000, 0x0000000100000000)
  region size 1024K, 10 young (10240K), 10 survivors (10240K)
 Metaspace       used 114409K, committed 116736K, reserved 1179648K
  class space    used 15468K, committed 16640K, reserved 1048576K
}
Event: 1390.888 GC heap before
{Heap before GC invocations=67 (full 0):
 garbage-first heap   total 244736K, used 179783K [0x0000000080000000, 0x0000000100000000)
  region size 1024K, 41 young (41984K), 10 survivors (10240K)
 Metaspace       used 114698K, committed 116928K, reserved 1179648K
  class space    used 15505K, committed 16640K, reserved 1048576K
}
Event: 1390.941 GC heap after
{Heap after GC invocations=68 (full 0):
 garbage-first heap   total 244736K, used 154882K [0x0000000080000000, 0x0000000100000000)
  region size 1024K, 4 young (4096K), 4 survivors (4096K)
 Metaspace       used 114698K, committed 116928K, reserved 1179648K
  class space    used 15505K, committed 16640K, reserved 1048576K
}
Event: 1399.632 GC heap before
{Heap before GC invocations=69 (full 0):
 garbage-first heap   total 269312K, used 267522K [0x0000000080000000, 0x0000000100000000)
  region size 1024K, 37 young (37888K), 4 survivors (4096K)
 Metaspace       used 118273K, committed 120576K, reserved 1179648K
  class space    used 15871K, committed 17024K, reserved 1048576K
}
Event: 1399.727 GC heap after
{Heap after GC invocations=70 (full 0):
 garbage-first heap   total 276480K, used 153782K [0x0000000080000000, 0x0000000100000000)
  region size 1024K, 7 young (7168K), 7 survivors (7168K)
 Metaspace       used 118273K, committed 120576K, reserved 1179648K
  class space    used 15871K, committed 17024K, reserved 1048576K
}
Event: 2457.681 GC heap before
{Heap before GC invocations=70 (full 0):
 garbage-first heap   total 276480K, used 253110K [0x0000000080000000, 0x0000000100000000)
  region size 1024K, 104 young (106496K), 7 survivors (7168K)
 Metaspace       used 118815K, committed 121088K, reserved 1179648K
  class space    used 15941K, committed 17088K, reserved 1048576K
}
Event: 2476.703 GC heap after
{Heap after GC invocations=71 (full 0):
 garbage-first heap   total 276480K, used 148308K [0x0000000080000000, 0x0000000100000000)
  region size 1024K, 12 young (12288K), 12 survivors (12288K)
 Metaspace       used 118815K, committed 121088K, reserved 1179648K
  class space    used 15941K, committed 17088K, reserved 1048576K
}
Event: 2476.875 GC heap before
{Heap before GC invocations=71 (full 0):
 garbage-first heap   total 276480K, used 149332K [0x0000000080000000, 0x0000000100000000)
  region size 1024K, 13 young (13312K), 12 survivors (12288K)
 Metaspace       used 118819K, committed 121152K, reserved 1179648K
  class space    used 15942K, committed 17088K, reserved 1048576K
}
Event: 2479.290 GC heap after
{Heap after GC invocations=72 (full 0):
 garbage-first heap   total 276480K, used 150929K [0x0000000080000000, 0x0000000100000000)
  region size 1024K, 2 young (2048K), 2 survivors (2048K)
 Metaspace       used 118819K, committed 121152K, reserved 1179648K
  class space    used 15942K, committed 17088K, reserved 1048576K
}
Event: 2499.726 GC heap before
{Heap before GC invocations=72 (full 0):
 garbage-first heap   total 276480K, used 162193K [0x0000000080000000, 0x0000000100000000)
  region size 1024K, 13 young (13312K), 2 survivors (2048K)
 Metaspace       used 119242K, committed 121536K, reserved 1179648K
  class space    used 16005K, committed 17152K, reserved 1048576K
}
Event: 2500.092 GC heap after
{Heap after GC invocations=73 (full 0):
 garbage-first heap   total 276480K, used 150944K [0x0000000080000000, 0x0000000100000000)
  region size 1024K, 2 young (2048K), 2 survivors (2048K)
 Metaspace       used 119242K, committed 121536K, reserved 1179648K
  class space    used 16005K, committed 17152K, reserved 1048576K
}
Event: 2503.855 GC heap before
{Heap before GC invocations=73 (full 0):
 garbage-first heap   total 276480K, used 162208K [0x0000000080000000, 0x0000000100000000)
  region size 1024K, 13 young (13312K), 2 survivors (2048K)
 Metaspace       used 119340K, committed 121664K, reserved 1179648K
  class space    used 16013K, committed 17152K, reserved 1048576K
}
Event: 2504.601 GC heap after
{Heap after GC invocations=74 (full 0):
 garbage-first heap   total 276480K, used 152565K [0x0000000080000000, 0x0000000100000000)
  region size 1024K, 2 young (2048K), 2 survivors (2048K)
 Metaspace       used 119340K, committed 121664K, reserved 1179648K
  class space    used 16013K, committed 17152K, reserved 1048576K
}
Event: 2527.185 GC heap before
{Heap before GC invocations=75 (full 0):
 garbage-first heap   total 276480K, used 158709K [0x0000000080000000, 0x0000000100000000)
  region size 1024K, 13 young (13312K), 2 survivors (2048K)
 Metaspace       used 116815K, committed 121664K, reserved 1179648K
  class space    used 15407K, committed 17152K, reserved 1048576K
}
Event: 2527.435 GC heap after
{Heap after GC invocations=76 (full 0):
 garbage-first heap   total 276480K, used 149594K [0x0000000080000000, 0x0000000100000000)
  region size 1024K, 2 young (2048K), 2 survivors (2048K)
 Metaspace       used 116815K, committed 121664K, reserved 1179648K
  class space    used 15407K, committed 17152K, reserved 1048576K
}
Event: 2531.413 GC heap before
{Heap before GC invocations=76 (full 0):
 garbage-first heap   total 276480K, used 162906K [0x0000000080000000, 0x0000000100000000)
  region size 1024K, 13 young (13312K), 2 survivors (2048K)
 Metaspace       used 117264K, committed 121984K, reserved 1179648K
  class space    used 15456K, committed 17216K, reserved 1048576K
}
Event: 2531.720 GC heap after
{Heap after GC invocations=77 (full 0):
 garbage-first heap   total 276480K, used 150042K [0x0000000080000000, 0x0000000100000000)
  region size 1024K, 2 young (2048K), 2 survivors (2048K)
 Metaspace       used 117264K, committed 121984K, reserved 1179648K
  class space    used 15456K, committed 17216K, reserved 1048576K
}
Event: 2533.649 GC heap before
{Heap before GC invocations=77 (full 0):
 garbage-first heap   total 276480K, used 161306K [0x0000000080000000, 0x0000000100000000)
  region size 1024K, 13 young (13312K), 2 survivors (2048K)
 Metaspace       used 117546K, committed 122112K, reserved 1179648K
  class space    used 15475K, committed 17216K, reserved 1048576K
}
Event: 2534.132 GC heap after
{Heap after GC invocations=78 (full 0):
 garbage-first heap   total 276480K, used 153135K [0x0000000080000000, 0x0000000100000000)
  region size 1024K, 2 young (2048K), 2 survivors (2048K)
 Metaspace       used 117546K, committed 122112K, reserved 1179648K
  class space    used 15475K, committed 17216K, reserved 1048576K
}
Event: 2535.244 GC heap before
{Heap before GC invocations=78 (full 0):
 garbage-first heap   total 276480K, used 164399K [0x0000000080000000, 0x0000000100000000)
  region size 1024K, 13 young (13312K), 2 survivors (2048K)
 Metaspace       used 118107K, committed 122176K, reserved 1179648K
  class space    used 15548K, committed 17216K, reserved 1048576K
}

