# JRE version: OpenJDK Runtime Environment (21.0.5) (build 21.0.5+-12932927-b750.29)
# Java VM: OpenJDK 64-Bit Server VM (21.0.5+-12932927-b750.29, mixed mode, tiered, compressed oops, compressed class ptrs, g1 gc, windows-amd64)
GC Precious Log:
 CardTable entry size: 512
 Card Set container configuration: InlinePtr #cards 5 size 8 Array Of Cards #cards 12 size 40 Howl #buckets 4 coarsen threshold 1843 Howl Bitmap #cards 512 size 80 coarsen threshold 460 Card regions per heap region 1 cards per card region 2048
 CPUs: 4 total, 4 available
 Memory: 8077M
 Large Page Support: Disabled
 NUMA Support: Disabled
 Compressed Oops: Enabled (32-bit)
 Heap Region Size: 1M
 Heap Min Capacity: 8M
 Heap Initial Capacity: 128M
 Heap Max Capacity: 2G
 Pre-touch: Disabled
 Parallel Workers: 4
 Concurrent Workers: 1
 Concurrent Refinement Workers: 4
 Periodic GC: Disabled
Heap:
 garbage-first heap   total 440320K, used 351232K [0x0000000080000000, 0x0000000100000000)
  region size 1024K, 9 young (9216K), 9 survivors (9216K)
 Metaspace       used 123239K, committed 125376K, reserved 1179648K
  class space    used 16948K, committed 18048K, reserved 1048576K
GC Heap History (20 events):
Event: 39.139 GC heap after
{Heap after GC invocations=57 (full 0):
 garbage-first heap   total 190464K, used 118820K [0x0000000080000000, 0x0000000100000000)
  region size 1024K, 7 young (7168K), 7 survivors (7168K)
 Metaspace       used 114600K, committed 116736K, reserved 1179648K
  class space    used 15680K, committed 16768K, reserved 1048576K
}
Event: 40.076 GC heap before
{Heap before GC invocations=58 (full 0):
 garbage-first heap   total 199680K, used 170020K [0x0000000080000000, 0x0000000100000000)
  region size 1024K, 58 young (59392K), 7 survivors (7168K)
 Metaspace       used 115318K, committed 117504K, reserved 1179648K
  class space    used 15795K, committed 16896K, reserved 1048576K
}
Event: 40.092 GC heap after
{Heap after GC invocations=59 (full 0):
 garbage-first heap   total 199680K, used 120843K [0x0000000080000000, 0x0000000100000000)
  region size 1024K, 5 young (5120K), 5 survivors (5120K)
 Metaspace       used 115318K, committed 117504K, reserved 1179648K
  class space    used 15795K, committed 16896K, reserved 1048576K
}
Event: 41.397 GC heap before
{Heap before GC invocations=59 (full 0):
 garbage-first heap   total 199680K, used 197643K [0x0000000080000000, 0x0000000100000000)
  region size 1024K, 46 young (47104K), 5 survivors (5120K)
 Metaspace       used 118190K, committed 120448K, reserved 1179648K
  class space    used 16071K, committed 17216K, reserved 1048576K
}
Event: 41.417 GC heap after
{Heap after GC invocations=60 (full 0):
 garbage-first heap   total 256000K, used 157666K [0x0000000080000000, 0x0000000100000000)
  region size 1024K, 9 young (9216K), 9 survivors (9216K)
 Metaspace       used 118190K, committed 120448K, reserved 1179648K
  class space    used 16071K, committed 17216K, reserved 1048576K
}
Event: 41.860 GC heap before
{Heap before GC invocations=60 (full 0):
 garbage-first heap   total 256000K, used 172002K [0x0000000080000000, 0x0000000100000000)
  region size 1024K, 24 young (24576K), 9 survivors (9216K)
 Metaspace       used 120096K, committed 122304K, reserved 1179648K
  class space    used 16355K, committed 17472K, reserved 1048576K
}
Event: 41.868 GC heap after
{Heap after GC invocations=61 (full 0):
 garbage-first heap   total 256000K, used 158976K [0x0000000080000000, 0x0000000100000000)
  region size 1024K, 2 young (2048K), 2 survivors (2048K)
 Metaspace       used 120096K, committed 122304K, reserved 1179648K
  class space    used 16355K, committed 17472K, reserved 1048576K
}
Event: 42.052 GC heap before
{Heap before GC invocations=61 (full 0):
 garbage-first heap   total 259072K, used 257280K [0x0000000080000000, 0x0000000100000000)
  region size 1024K, 24 young (24576K), 2 survivors (2048K)
 Metaspace       used 120363K, committed 122560K, reserved 1179648K
  class space    used 16397K, committed 17536K, reserved 1048576K
}
Event: 42.058 GC heap after
{Heap after GC invocations=62 (full 0):
 garbage-first heap   total 266240K, used 195376K [0x0000000080000000, 0x0000000100000000)
  region size 1024K, 7 young (7168K), 7 survivors (7168K)
 Metaspace       used 120363K, committed 122560K, reserved 1179648K
  class space    used 16397K, committed 17536K, reserved 1048576K
}
Event: 43.009 GC heap before
{Heap before GC invocations=63 (full 0):
 garbage-first heap   total 326656K, used 242480K [0x0000000080000000, 0x0000000100000000)
  region size 1024K, 52 young (53248K), 7 survivors (7168K)
 Metaspace       used 120461K, committed 122688K, reserved 1179648K
  class space    used 16405K, committed 17536K, reserved 1048576K
}
Event: 43.044 GC heap after
{Heap after GC invocations=64 (full 0):
 garbage-first heap   total 326656K, used 213975K [0x0000000080000000, 0x0000000100000000)
  region size 1024K, 7 young (7168K), 7 survivors (7168K)
 Metaspace       used 120461K, committed 122688K, reserved 1179648K
  class space    used 16405K, committed 17536K, reserved 1048576K
}
Event: 43.966 GC heap before
{Heap before GC invocations=64 (full 0):
 garbage-first heap   total 326656K, used 290775K [0x0000000080000000, 0x0000000100000000)
  region size 1024K, 77 young (78848K), 7 survivors (7168K)
 Metaspace       used 121747K, committed 123968K, reserved 1179648K
  class space    used 16700K, committed 17792K, reserved 1048576K
}
Event: 44.036 GC heap after
{Heap after GC invocations=65 (full 0):
 garbage-first heap   total 326656K, used 243200K [0x0000000080000000, 0x0000000100000000)
  region size 1024K, 10 young (10240K), 10 survivors (10240K)
 Metaspace       used 121747K, committed 123968K, reserved 1179648K
  class space    used 16700K, committed 17792K, reserved 1048576K
}
Event: 44.783 GC heap before
{Heap before GC invocations=65 (full 0):
 garbage-first heap   total 326656K, used 290304K [0x0000000080000000, 0x0000000100000000)
  region size 1024K, 57 young (58368K), 10 survivors (10240K)
 Metaspace       used 123218K, committed 125376K, reserved 1179648K
  class space    used 16948K, committed 18048K, reserved 1048576K
}
Event: 44.845 GC heap after
{Heap after GC invocations=66 (full 0):
 garbage-first heap   total 326656K, used 265728K [0x0000000080000000, 0x0000000100000000)
  region size 1024K, 8 young (8192K), 8 survivors (8192K)
 Metaspace       used 123218K, committed 125376K, reserved 1179648K
  class space    used 16948K, committed 18048K, reserved 1048576K
}
Event: 45.935 GC heap before
{Heap before GC invocations=67 (full 0):
 garbage-first heap   total 440320K, used 293376K [0x0000000080000000, 0x0000000100000000)
  region size 1024K, 37 young (37888K), 8 survivors (8192K)
 Metaspace       used 123226K, committed 125376K, reserved 1179648K
  class space    used 16948K, committed 18048K, reserved 1048576K
}
Event: 45.975 GC heap after
{Heap after GC invocations=68 (full 0):
 garbage-first heap   total 440320K, used 279552K [0x0000000080000000, 0x0000000100000000)
  region size 1024K, 5 young (5120K), 5 survivors (5120K)
 Metaspace       used 123226K, committed 125376K, reserved 1179648K
  class space    used 16948K, committed 18048K, reserved 1048576K
}
Event: 47.250 GC heap before
{Heap before GC invocations=68 (full 0):
 garbage-first heap   total 440320K, used 360448K [0x0000000080000000, 0x0000000100000000)
  region size 1024K, 85 young (87040K), 5 survivors (5120K)
 Metaspace       used 123233K, committed 125376K, reserved 1179648K
  class space    used 16948K, committed 18048K, reserved 1048576K
}
Event: 47.346 GC heap after
{Heap after GC invocations=69 (full 0):
 garbage-first heap   total 440320K, used 321536K [0x0000000080000000, 0x0000000100000000)
  region size 1024K, 11 young (11264K), 11 survivors (11264K)
 Metaspace       used 123233K, committed 125376K, reserved 1179648K
  class space    used 16948K, committed 18048K, reserved 1048576K
}
Event: 47.999 GC heap before
{Heap before GC invocations=69 (full 0):
 garbage-first heap   total 440320K, used 376832K [0x0000000080000000, 0x0000000100000000)
  region size 1024K, 66 young (67584K), 11 survivors (11264K)
 Metaspace       used 123239K, committed 125376K, reserved 1179648K
  class space    used 16948K, committed 18048K, reserved 1048576K
}

