# JRE version: OpenJDK Runtime Environment (21.0.5) (build 21.0.5+-12932927-b750.29)
# Java VM: OpenJDK 64-Bit Server VM (21.0.5+-12932927-b750.29, mixed mode, tiered, compressed oops, compressed class ptrs, g1 gc, windows-amd64)
GC Precious Log:
 CardTable entry size: 512
 Card Set container configuration: InlinePtr #cards 5 size 8 Array Of Cards #cards 12 size 40 Howl #buckets 4 coarsen threshold 1843 Howl Bitmap #cards 512 size 80 coarsen threshold 460 Card regions per heap region 1 cards per card region 2048
 CPUs: 4 total, 4 available
 Memory: 8077M
 Large Page Support: Disabled
 NUMA Support: Disabled
 Compressed Oops: Enabled (32-bit)
 Heap Region Size: 1M
 Heap Min Capacity: 8M
 Heap Initial Capacity: 128M
 Heap Max Capacity: 2G
 Pre-touch: Disabled
 Parallel Workers: 4
 Concurrent Workers: 1
 Concurrent Refinement Workers: 4
 Periodic GC: Disabled
Heap:
 garbage-first heap   total 449536K, used 328192K [0x0000000080000000, 0x0000000100000000)
  region size 1024K, 11 young (11264K), 11 survivors (11264K)
 Metaspace       used 120756K, committed 122944K, reserved 1179648K
  class space    used 16653K, committed 17792K, reserved 1048576K
GC Heap History (20 events):
Event: 94.641 GC heap after
{Heap after GC invocations=61 (full 0):
 garbage-first heap   total 191488K, used 116566K [0x0000000080000000, 0x0000000100000000)
  region size 1024K, 5 young (5120K), 5 survivors (5120K)
 Metaspace       used 113121K, committed 115328K, reserved 1179648K
  class space    used 15443K, committed 16576K, reserved 1048576K
}
Event: 96.262 GC heap before
{Heap before GC invocations=61 (full 0):
 garbage-first heap   total 191488K, used 174934K [0x0000000080000000, 0x0000000100000000)
  region size 1024K, 63 young (64512K), 5 survivors (5120K)
 Metaspace       used 113814K, committed 116032K, reserved 1179648K
  class space    used 15527K, committed 16640K, reserved 1048576K
}
Event: 96.278 GC heap after
{Heap after GC invocations=62 (full 0):
 garbage-first heap   total 191488K, used 119135K [0x0000000080000000, 0x0000000100000000)
  region size 1024K, 6 young (6144K), 6 survivors (6144K)
 Metaspace       used 113814K, committed 116032K, reserved 1179648K
  class space    used 15527K, committed 16640K, reserved 1048576K
}
Event: 97.058 GC heap before
{Heap before GC invocations=62 (full 0):
 garbage-first heap   total 191488K, used 160095K [0x0000000080000000, 0x0000000100000000)
  region size 1024K, 48 young (49152K), 6 survivors (6144K)
 Metaspace       used 114256K, committed 116480K, reserved 1179648K
  class space    used 15582K, committed 16704K, reserved 1048576K
}
Event: 97.069 GC heap after
{Heap after GC invocations=63 (full 0):
 garbage-first heap   total 191488K, used 120338K [0x0000000080000000, 0x0000000100000000)
  region size 1024K, 4 young (4096K), 4 survivors (4096K)
 Metaspace       used 114256K, committed 116480K, reserved 1179648K
  class space    used 15582K, committed 16704K, reserved 1048576K
}
Event: 111.893 GC heap before
{Heap before GC invocations=64 (full 0):
 garbage-first heap   total 214016K, used 212498K [0x0000000080000000, 0x0000000100000000)
  region size 1024K, 42 young (43008K), 4 survivors (4096K)
 Metaspace       used 117647K, committed 119872K, reserved 1179648K
  class space    used 16062K, committed 17152K, reserved 1048576K
}
Event: 111.905 GC heap after
{Heap after GC invocations=65 (full 0):
 garbage-first heap   total 227328K, used 170918K [0x0000000080000000, 0x0000000100000000)
  region size 1024K, 8 young (8192K), 8 survivors (8192K)
 Metaspace       used 117647K, committed 119872K, reserved 1179648K
  class space    used 16062K, committed 17152K, reserved 1048576K
}
Event: 111.933 GC heap before
{Heap before GC invocations=65 (full 0):
 garbage-first heap   total 236544K, used 235430K [0x0000000080000000, 0x0000000100000000)
  region size 1024K, 20 young (20480K), 8 survivors (8192K)
 Metaspace       used 117648K, committed 119872K, reserved 1179648K
  class space    used 16062K, committed 17152K, reserved 1048576K
}
Event: 111.947 GC heap after
{Heap after GC invocations=66 (full 0):
 garbage-first heap   total 251904K, used 194091K [0x0000000080000000, 0x0000000100000000)
  region size 1024K, 5 young (5120K), 5 survivors (5120K)
 Metaspace       used 117648K, committed 119872K, reserved 1179648K
  class space    used 16062K, committed 17152K, reserved 1048576K
}
Event: 113.724 GC heap before
{Heap before GC invocations=66 (full 0):
 garbage-first heap   total 251904K, used 226859K [0x0000000080000000, 0x0000000100000000)
  region size 1024K, 39 young (39936K), 5 survivors (5120K)
 Metaspace       used 117975K, committed 120192K, reserved 1179648K
  class space    used 16106K, committed 17216K, reserved 1048576K
}
Event: 113.747 GC heap after
{Heap after GC invocations=67 (full 0):
 garbage-first heap   total 251904K, used 207854K [0x0000000080000000, 0x0000000100000000)
  region size 1024K, 6 young (6144K), 6 survivors (6144K)
 Metaspace       used 117975K, committed 120192K, reserved 1179648K
  class space    used 16106K, committed 17216K, reserved 1048576K
}
Event: 114.284 GC heap before
{Heap before GC invocations=68 (full 0):
 garbage-first heap   total 348160K, used 229358K [0x0000000080000000, 0x0000000100000000)
  region size 1024K, 26 young (26624K), 6 survivors (6144K)
 Metaspace       used 117977K, committed 120192K, reserved 1179648K
  class space    used 16106K, committed 17216K, reserved 1048576K
}
Event: 114.313 GC heap after
{Heap after GC invocations=69 (full 0):
 garbage-first heap   total 348160K, used 218112K [0x0000000080000000, 0x0000000100000000)
  region size 1024K, 4 young (4096K), 4 survivors (4096K)
 Metaspace       used 117977K, committed 120192K, reserved 1179648K
  class space    used 16106K, committed 17216K, reserved 1048576K
}
Event: 120.155 GC heap before
{Heap before GC invocations=69 (full 0):
 garbage-first heap   total 348160K, used 289792K [0x0000000080000000, 0x0000000100000000)
  region size 1024K, 70 young (71680K), 4 survivors (4096K)
 Metaspace       used 119698K, committed 121920K, reserved 1179648K
  class space    used 16535K, committed 17664K, reserved 1048576K
}
Event: 120.217 GC heap after
{Heap after GC invocations=70 (full 0):
 garbage-first heap   total 348160K, used 244291K [0x0000000080000000, 0x0000000100000000)
  region size 1024K, 9 young (9216K), 9 survivors (9216K)
 Metaspace       used 119698K, committed 121920K, reserved 1179648K
  class space    used 16535K, committed 17664K, reserved 1048576K
}
Event: 121.482 GC heap before
{Heap before GC invocations=70 (full 0):
 garbage-first heap   total 348160K, used 298563K [0x0000000080000000, 0x0000000100000000)
  region size 1024K, 62 young (63488K), 9 survivors (9216K)
 Metaspace       used 120746K, committed 122944K, reserved 1179648K
  class space    used 16652K, committed 17792K, reserved 1048576K
}
Event: 121.565 GC heap after
{Heap after GC invocations=71 (full 0):
 garbage-first heap   total 348160K, used 270848K [0x0000000080000000, 0x0000000100000000)
  region size 1024K, 8 young (8192K), 8 survivors (8192K)
 Metaspace       used 120746K, committed 122944K, reserved 1179648K
  class space    used 16652K, committed 17792K, reserved 1048576K
}
Event: 123.505 GC heap before
{Heap before GC invocations=72 (full 0):
 garbage-first heap   total 449536K, used 306688K [0x0000000080000000, 0x0000000100000000)
  region size 1024K, 45 young (46080K), 8 survivors (8192K)
 Metaspace       used 120750K, committed 122944K, reserved 1179648K
  class space    used 16653K, committed 17792K, reserved 1048576K
}
Event: 123.570 GC heap after
{Heap after GC invocations=73 (full 0):
 garbage-first heap   total 449536K, used 289280K [0x0000000080000000, 0x0000000100000000)
  region size 1024K, 6 young (6144K), 6 survivors (6144K)
 Metaspace       used 120750K, committed 122944K, reserved 1179648K
  class space    used 16653K, committed 17792K, reserved 1048576K
}
Event: 124.336 GC heap before
{Heap before GC invocations=73 (full 0):
 garbage-first heap   total 449536K, used 366080K [0x0000000080000000, 0x0000000100000000)
  region size 1024K, 82 young (83968K), 6 survivors (6144K)
 Metaspace       used 120756K, committed 122944K, reserved 1179648K
  class space    used 16653K, committed 17792K, reserved 1048576K
}

