# JRE version: OpenJDK Runtime Environment (21.0.5) (build 21.0.5+-12932927-b750.29)
# Java VM: OpenJDK 64-Bit Server VM (21.0.5+-12932927-b750.29, mixed mode, tiered, compressed oops, compressed class ptrs, g1 gc, windows-amd64)
GC Precious Log:
 CardTable entry size: 512
 Card Set container configuration: InlinePtr #cards 5 size 8 Array Of Cards #cards 12 size 40 Howl #buckets 4 coarsen threshold 1843 Howl Bitmap #cards 512 size 80 coarsen threshold 460 Card regions per heap region 1 cards per card region 2048
 CPUs: 4 total, 4 available
 Memory: 8077M
 Large Page Support: Disabled
 NUMA Support: Disabled
 Compressed Oops: Enabled (32-bit)
 Heap Region Size: 1M
 Heap Min Capacity: 8M
 Heap Initial Capacity: 128M
 Heap Max Capacity: 2G
 Pre-touch: Disabled
 Parallel Workers: 4
 Concurrent Workers: 1
 Concurrent Refinement Workers: 4
 Periodic GC: Disabled
Heap:
 garbage-first heap   total 525312K, used 396288K [0x0000000080000000, 0x0000000100000000)
  region size 1024K, 60 young (61440K), 15 survivors (15360K)
 Metaspace       used 129388K, committed 131776K, reserved 1179648K
  class space    used 17603K, committed 18816K, reserved 1048576K
GC Heap History (20 events):
Event: 58.419 GC heap before
{Heap before GC invocations=58 (full 0):
 garbage-first heap   total 207872K, used 206159K [0x0000000080000000, 0x0000000100000000)
  region size 1024K, 66 young (67584K), 10 survivors (10240K)
 Metaspace       used 115415K, committed 117632K, reserved 1179648K
  class space    used 15719K, committed 16832K, reserved 1048576K
}
Event: 58.443 GC heap after
{Heap after GC invocations=59 (full 0):
 garbage-first heap   total 225280K, used 157144K [0x0000000080000000, 0x0000000100000000)
  region size 1024K, 10 young (10240K), 10 survivors (10240K)
 Metaspace       used 115415K, committed 117632K, reserved 1179648K
  class space    used 15719K, committed 16832K, reserved 1048576K
}
Event: 60.535 GC heap before
{Heap before GC invocations=59 (full 0):
 garbage-first heap   total 225280K, used 202200K [0x0000000080000000, 0x0000000100000000)
  region size 1024K, 55 young (56320K), 10 survivors (10240K)
 Metaspace       used 116743K, committed 118976K, reserved 1179648K
  class space    used 15892K, committed 17024K, reserved 1048576K
}
Event: 60.550 GC heap after
{Heap after GC invocations=60 (full 0):
 garbage-first heap   total 225280K, used 159349K [0x0000000080000000, 0x0000000100000000)
  region size 1024K, 4 young (4096K), 4 survivors (4096K)
 Metaspace       used 116743K, committed 118976K, reserved 1179648K
  class space    used 15892K, committed 17024K, reserved 1048576K
}
Event: 62.594 GC heap before
{Heap before GC invocations=60 (full 0):
 garbage-first heap   total 225280K, used 205429K [0x0000000080000000, 0x0000000100000000)
  region size 1024K, 50 young (51200K), 4 survivors (4096K)
 Metaspace       used 118206K, committed 120448K, reserved 1179648K
  class space    used 16124K, committed 17280K, reserved 1048576K
}
Event: 62.607 GC heap after
{Heap after GC invocations=61 (full 0):
 garbage-first heap   total 225280K, used 163437K [0x0000000080000000, 0x0000000100000000)
  region size 1024K, 7 young (7168K), 7 survivors (7168K)
 Metaspace       used 118206K, committed 120448K, reserved 1179648K
  class space    used 16124K, committed 17280K, reserved 1048576K
}
Event: 63.857 GC heap before
{Heap before GC invocations=62 (full 0):
 garbage-first heap   total 273408K, used 204397K [0x0000000080000000, 0x0000000100000000)
  region size 1024K, 46 young (47104K), 7 survivors (7168K)
 Metaspace       used 121358K, committed 123584K, reserved 1179648K
  class space    used 16353K, committed 17472K, reserved 1048576K
}
Event: 63.870 GC heap after
{Heap after GC invocations=63 (full 0):
 garbage-first heap   total 273408K, used 165254K [0x0000000080000000, 0x0000000100000000)
  region size 1024K, 2 young (2048K), 2 survivors (2048K)
 Metaspace       used 121358K, committed 123584K, reserved 1179648K
  class space    used 16353K, committed 17472K, reserved 1048576K
}
Event: 64.974 GC heap before
{Heap before GC invocations=63 (full 0):
 garbage-first heap   total 273408K, used 271750K [0x0000000080000000, 0x0000000100000000)
  region size 1024K, 63 young (64512K), 2 survivors (2048K)
 Metaspace       used 122359K, committed 124608K, reserved 1179648K
  class space    used 16498K, committed 17664K, reserved 1048576K
}
Event: 64.984 GC heap after
{Heap after GC invocations=64 (full 0):
 garbage-first heap   total 281600K, used 186115K [0x0000000080000000, 0x0000000100000000)
  region size 1024K, 7 young (7168K), 7 survivors (7168K)
 Metaspace       used 122359K, committed 124608K, reserved 1179648K
  class space    used 16498K, committed 17664K, reserved 1048576K
}
Event: 64.986 GC heap before
{Heap before GC invocations=64 (full 0):
 garbage-first heap   total 281600K, used 186115K [0x0000000080000000, 0x0000000100000000)
  region size 1024K, 9 young (9216K), 7 survivors (7168K)
 Metaspace       used 122367K, committed 124672K, reserved 1179648K
  class space    used 16499K, committed 17664K, reserved 1048576K
}
Event: 64.994 GC heap after
{Heap after GC invocations=65 (full 0):
 garbage-first heap   total 281600K, used 187390K [0x0000000080000000, 0x0000000100000000)
  region size 1024K, 2 young (2048K), 2 survivors (2048K)
 Metaspace       used 122367K, committed 124672K, reserved 1179648K
  class space    used 16499K, committed 17664K, reserved 1048576K
}
Event: 67.676 GC heap before
{Heap before GC invocations=66 (full 0):
 garbage-first heap   total 367616K, used 274430K [0x0000000080000000, 0x0000000100000000)
  region size 1024K, 57 young (58368K), 2 survivors (2048K)
 Metaspace       used 124634K, committed 126912K, reserved 1179648K
  class space    used 16750K, committed 17920K, reserved 1048576K
}
Event: 67.703 GC heap after
{Heap after GC invocations=67 (full 0):
 garbage-first heap   total 367616K, used 215040K [0x0000000080000000, 0x0000000100000000)
  region size 1024K, 8 young (8192K), 8 survivors (8192K)
 Metaspace       used 124634K, committed 126912K, reserved 1179648K
  class space    used 16750K, committed 17920K, reserved 1048576K
}
Event: 68.825 GC heap before
{Heap before GC invocations=67 (full 0):
 garbage-first heap   total 367616K, used 310272K [0x0000000080000000, 0x0000000100000000)
  region size 1024K, 95 young (97280K), 8 survivors (8192K)
 Metaspace       used 125509K, committed 127808K, reserved 1179648K
  class space    used 16893K, committed 18048K, reserved 1048576K
}
Event: 68.926 GC heap after
{Heap after GC invocations=68 (full 0):
 garbage-first heap   total 367616K, used 252928K [0x0000000080000000, 0x0000000100000000)
  region size 1024K, 12 young (12288K), 12 survivors (12288K)
 Metaspace       used 125509K, committed 127808K, reserved 1179648K
  class space    used 16893K, committed 18048K, reserved 1048576K
}
Event: 74.686 GC heap before
{Heap before GC invocations=68 (full 0):
 garbage-first heap   total 367616K, used 316416K [0x0000000080000000, 0x0000000100000000)
  region size 1024K, 75 young (76800K), 12 survivors (12288K)
 Metaspace       used 129342K, committed 131712K, reserved 1179648K
  class space    used 17597K, committed 18816K, reserved 1048576K
}
Event: 74.757 GC heap after
{Heap after GC invocations=69 (full 0):
 garbage-first heap   total 367616K, used 276992K [0x0000000080000000, 0x0000000100000000)
  region size 1024K, 10 young (10240K), 10 survivors (10240K)
 Metaspace       used 129342K, committed 131712K, reserved 1179648K
  class space    used 17597K, committed 18816K, reserved 1048576K
}
Event: 76.300 GC heap before
{Heap before GC invocations=70 (full 0):
 garbage-first heap   total 459776K, used 321024K [0x0000000080000000, 0x0000000100000000)
  region size 1024K, 55 young (56320K), 10 survivors (10240K)
 Metaspace       used 129347K, committed 131712K, reserved 1179648K
  class space    used 17597K, committed 18816K, reserved 1048576K
}
Event: 76.383 GC heap after
{Heap after GC invocations=71 (full 0):
 garbage-first heap   total 525312K, used 300032K [0x0000000080000000, 0x0000000100000000)
  region size 1024K, 7 young (7168K), 7 survivors (7168K)
 Metaspace       used 129347K, committed 131712K, reserved 1179648K
  class space    used 17597K, committed 18816K, reserved 1048576K
}

